<?xml version="1.0" encoding="UTF-8"?>
<!-- Generated by org.testng.reporters.JUnitReportReporter -->
<testsuite skipped="0" hostname="Desta" name="test.LoginTest" tests="4" failures="0" timestamp="31 Aug 2022 18:09:33 GMT" time="8.708" errors="0">
  <testcase name="loginBtn" time="1.503" classname="test.LoginTest"/>
  <testcase name="loginEmptyUser" time="1.864" classname="test.LoginTest"/>
  <testcase name="loginEmptyPassword" time="2.399" classname="test.LoginTest"/>
  <testcase name="loginUnregisteredUser" time="2.942" classname="test.LoginTest"/>
</testsuite> <!-- test.LoginTest -->
