<?xml version="1.0" encoding="UTF-8"?>
<!-- Generated by org.testng.reporters.JUnitReportReporter -->
<testsuite skipped="0" hostname="Desta" name="test.LoginTest" tests="2" failures="0" timestamp="31 Aug 2022 17:01:51 GMT" time="4.209" errors="0">
  <testcase name="loginBtn" time="1.588" classname="test.LoginTest"/>
  <testcase name="loginInvalid" time="2.621" classname="test.LoginTest"/>
</testsuite> <!-- test.LoginTest -->
