<?xml version="1.0" encoding="UTF-8"?>
<!-- Generated by org.testng.reporters.JUnitReportReporter -->
<testsuite skipped="0" hostname="Desta" name="test.TestClass" tests="1" failures="0" timestamp="31 Aug 2022 16:38:52 GMT" time="1.495" errors="0">
  <testcase name="loginElement" time="1.495" classname="test.TestClass"/>
</testsuite> <!-- test.TestClass -->
