<?xml version="1.0" encoding="UTF-8"?>
<!-- Generated by org.testng.reporters.JUnitReportReporter -->
<testsuite skipped="0" hostname="Desta" name="test.LoginTest" tests="2" failures="0" timestamp="31 Aug 2022 17:32:39 GMT" time="5.265" errors="0">
  <testcase name="loginBtn" time="1.504" classname="test.LoginTest"/>
  <testcase name="loginInvalid" time="3.761" classname="test.LoginTest"/>
</testsuite> <!-- test.LoginTest -->
