<?xml version="1.0" encoding="UTF-8"?>
<!-- Generated by org.testng.reporters.JUnitReportReporter -->
<testsuite skipped="0" hostname="Desta" name="test.TestClass" tests="1" failures="0" timestamp="27 Aug 2022 10:00:42 GMT" time="3.037" errors="0">
  <testcase name="testOne" time="3.037" classname="test.TestClass"/>
</testsuite> <!-- test.TestClass -->
