<?xml version="1.0" encoding="UTF-8"?>
<!-- Generated by org.testng.reporters.JUnitReportReporter -->
<testsuite skipped="0" hostname="Desta" name="test.TestClass" tests="1" failures="0" timestamp="15 Aug 2022 11:03:26 GMT" time="3.924" errors="0">
  <testcase name="testOne" time="3.924" classname="test.TestClass"/>
</testsuite> <!-- test.TestClass -->
