<?xml version="1.0" encoding="UTF-8"?>
<!-- Generated by org.testng.reporters.JUnitReportReporter -->
<testsuite skipped="0" hostname="Desta" name="test.TestClass" tests="3" failures="0" timestamp="01 Sep 2022 16:58:59 GMT" time="14.094" errors="0">
  <testcase name="onBoardingPage" time="1.415" classname="test.TestClass"/>
  <testcase name="homePage" time="5.450" classname="test.TestClass"/>
  <testcase name="SearchBar" time="7.229" classname="test.TestClass"/>
</testsuite> <!-- test.TestClass -->
