<?xml version="1.0" encoding="UTF-8"?>
<!-- Generated by org.testng.reporters.JUnitReportReporter -->
<testsuite skipped="0" hostname="Desta" name="test.TestClass" tests="2" failures="0" timestamp="01 Sep 2022 14:32:01 GMT" time="8.030" errors="0">
  <testcase name="onBoardingPage" time="1.471" classname="test.TestClass"/>
  <testcase name="homePage" time="6.559" classname="test.TestClass"/>
</testsuite> <!-- test.TestClass -->
