<?xml version="1.0" encoding="UTF-8"?>
<!-- Generated by org.testng.reporters.JUnitReportReporter -->
<testsuite skipped="0" hostname="Desta" name="test.TestClass" tests="2" failures="0" timestamp="01 Sep 2022 13:59:18 GMT" time="7.927" errors="0">
  <testcase name="onBoardingPage" time="1.432" classname="test.TestClass"/>
  <testcase name="homePage" time="6.495" classname="test.TestClass"/>
</testsuite> <!-- test.TestClass -->
